[20/May/2020:19:50:36] (ℹ️): WordPress Instance Info:
[20/May/2020:19:50:36] (ℹ️): Home URL : https://jlloydmedia.com/caf%C3%A9whitepearl
[20/May/2020:19:50:36] (ℹ️): Site URL : https://jlloydmedia.com/caf%C3%A9whitepearl
[20/May/2020:19:50:36] (ℹ️): WordPress Version : 5.4.1
[20/May/2020:19:50:36] (ℹ️): Onboarding Version : 1.8.2
[20/May/2020:19:50:36] (ℹ️): Multisite : No
[20/May/2020:19:50:36] (ℹ️): Server Info : Apache
[20/May/2020:19:50:36] (ℹ️): PHP Version : 7.2.31
[20/May/2020:19:50:36] (ℹ️): HTTPS : Yes
[20/May/2020:19:50:36] (ℹ️): PHP Max Execution Time : 50
[20/May/2020:19:50:36] (ℹ️): PHP Max Input Vars : 5000
[20/May/2020:19:50:36] (ℹ️): Max Upload Size : 268435456
[20/May/2020:19:50:36] (ℹ️): Plugins:
[20/May/2020:19:50:36] (ℹ️): [PLUGIN] Elementor Addon Elements : v1.6.4 (WebTechStreet)
[20/May/2020:19:50:36] (ℹ️): [PLUGIN] Contact Form 7 : v5.1.8 (Takayuki Miyoshi)
[20/May/2020:19:50:36] (ℹ️): [PLUGIN] GDPR Cookie Consent : v1.8.7 (WebToffee)
[20/May/2020:19:50:36] (ℹ️): [PLUGIN] Elementor : v2.9.8 (Elementor.com)
[20/May/2020:19:50:36] (ℹ️): [PLUGIN] Essential Addons for Elementor : v3.9.3 (WPDeveloper)
[20/May/2020:19:50:36] (ℹ️): [PLUGIN] Smash Balloon Instagram Feed : v2.4 (Smash Balloon)
[20/May/2020:19:50:36] (ℹ️): [PLUGIN] Ninja Forms : v3.4.24.2 (Saturday Drive)
[20/May/2020:19:50:36] (ℹ️): [PLUGIN] Gallery PhotoBlocks : v1.1.50 (MachoThemes)
[20/May/2020:19:50:36] (ℹ️): [PLUGIN] Regenerate Thumbnails : v3.1.3 (Alex Mills (Viper007Bond))
[20/May/2020:19:50:36] (ℹ️): [PLUGIN] Woo Product Table : v2.6.1 (CodeAstrology)
[20/May/2020:19:50:36] (ℹ️): [PLUGIN] WooCommerce : v4.1.0 (Automattic)
[20/May/2020:19:50:36] (ℹ️): [PLUGIN] Yoast SEO : v14.0.4 (Team Yoast)
[20/May/2020:19:50:36] (ℹ️): [PLUGIN] YITH WooCommerce Quick View : v1.4.1 (YITH)
